[0m[[0m[0mdebug[0m] [0m[0m> Exec(run BrainfuckInterpreter, Some(e008104d-2225-44b3-b4bb-432883e919d2), Some(CommandSource(console0)))[0m
[0m[[0m[0mdebug[0m] [0m[0mEvaluating tasks: Compile / run[0m
[0m[[0m[0mdebug[0m] [0m[0mRunning task... Cancel: Signal, check cycles: false, forcegc: true[0m
[0m[[0m[0minfo[0m] [0m[0mcompiling 7 Scala sources to /Users/luigivolpe/Desktop/Federico Volpe/linguaggi di programmazione/scala/cazzola/target/scala-2.13/classes ...[0m
[0m[[0m[31merror[0m] [0m[0mjava.io.FileNotFoundException: BrainfuckInterpreter (No such file or directory)[0m
[0m[[0m[31merror[0m] [0m[0m	at java.base/java.io.FileInputStream.open0(Native Method)[0m
[0m[[0m[31merror[0m] [0m[0m	at java.base/java.io.FileInputStream.open(FileInputStream.java:216)[0m
[0m[[0m[31merror[0m] [0m[0m	at java.base/java.io.FileInputStream.<init>(FileInputStream.java:157)[0m
[0m[[0m[31merror[0m] [0m[0m	at scala.io.Source$.fromFile(Source.scala:92)[0m
[0m[[0m[31merror[0m] [0m[0m	at scala.io.Source$.fromFile(Source.scala:77)[0m
[0m[[0m[31merror[0m] [0m[0m	at scala.io.Source$.fromFile(Source.scala:55)[0m
[0m[[0m[31merror[0m] [0m[0m	at BrainfuckEvaluator$.$anonfun$main$1(BrainfuckInterpreter.scala:73)[0m
[0m[[0m[31merror[0m] [0m[0m	at BrainfuckEvaluator$.$anonfun$main$1$adapted(BrainfuckInterpreter.scala:72)[0m
[0m[[0m[31merror[0m] [0m[0m	at scala.collection.ArrayOps$.foreach$extension(ArrayOps.scala:1323)[0m
[0m[[0m[31merror[0m] [0m[0m	at BrainfuckEvaluator$.main(BrainfuckInterpreter.scala:72)[0m
[0m[[0m[31merror[0m] [0m[0m	at BrainfuckEvaluator.main(BrainfuckInterpreter.scala)[0m
[0m[[0m[31merror[0m] [0m[0m	at java.base/jdk.internal.reflect.DirectMethodHandleAccessor.invoke(DirectMethodHandleAccessor.java:104)[0m
[0m[[0m[31merror[0m] [0m[0m	at java.base/java.lang.reflect.Method.invoke(Method.java:577)[0m
[0m[[0m[31merror[0m] [0m[0m	at sbt.Run.invokeMain(Run.scala:143)[0m
[0m[[0m[31merror[0m] [0m[0m	at sbt.Run.execute$1(Run.scala:93)[0m
[0m[[0m[31merror[0m] [0m[0m	at sbt.Run.$anonfun$runWithLoader$5(Run.scala:120)[0m
[0m[[0m[31merror[0m] [0m[0m	at sbt.Run$.executeSuccess(Run.scala:186)[0m
[0m[[0m[31merror[0m] [0m[0m	at sbt.Run.runWithLoader(Run.scala:120)[0m
[0m[[0m[31merror[0m] [0m[0m	at sbt.Defaults$.$anonfun$bgRunTask$6(Defaults.scala:1980)[0m
[0m[[0m[31merror[0m] [0m[0m	at sbt.Defaults$.$anonfun$termWrapper$2(Defaults.scala:1919)[0m
[0m[[0m[31merror[0m] [0m[0m	at scala.runtime.java8.JFunction0$mcV$sp.apply(JFunction0$mcV$sp.java:23)[0m
[0m[[0m[31merror[0m] [0m[0m	at scala.util.Try$.apply(Try.scala:213)[0m
[0m[[0m[31merror[0m] [0m[0m	at sbt.internal.BackgroundThreadPool$BackgroundRunnable.run(DefaultBackgroundJobService.scala:366)[0m
[0m[[0m[31merror[0m] [0m[0m	at java.base/java.util.concurrent.ThreadPoolExecutor.runWorker(ThreadPoolExecutor.java:1136)[0m
[0m[[0m[31merror[0m] [0m[0m	at java.base/java.util.concurrent.ThreadPoolExecutor$Worker.run(ThreadPoolExecutor.java:635)[0m
[0m[[0m[31merror[0m] [0m[0m	at java.base/java.lang.Thread.run(Thread.java:833)[0m
[0m[[0m[31merror[0m] [0m[0m(Compile / [31mrun[0m) java.io.FileNotFoundException: BrainfuckInterpreter (No such file or directory)[0m
[0m[[0m[31merror[0m] [0m[0mTotal time: 14 s, completed 17 gen 2023, 17:46:35[0m
[0m[[0m[0mdebug[0m] [0m[0m> Exec(shell, None, None)[0m
[0m[[0m[0minfo[0m] [0m[0mshutting down sbt server[0m
